-------------------------------------------------------------------------------
Test set: com.skillsoft.junit.AccountDetailsTest
-------------------------------------------------------------------------------
Tests run: 2, Failures: 1, Errors: 0, Skipped: 0, Time elapsed: 0.011 s <<< FAILURE! - in com.skillsoft.junit.AccountDetailsTest
validateName  Time elapsed: 0.004 s  <<< FAILURE!
org.opentest4j.AssertionFailedError: expected: <true> but was: <false>
	at com.skillsoft.junit.AccountDetailsTest.validateName(AccountDetailsTest.java:15)

